# JRE version: OpenJDK Runtime Environment (8.0_152-b01) (build 1.8.0_152-release-1248-b01)
# Java VM: OpenJDK 64-Bit Server VM (25.152-b01 mixed mode windows-amd64 compressed oops)
Heap:
 PSYoungGen      total 489472K, used 229753K [0x00000000e0000000, 0x0000000100000000, 0x0000000100000000)
  eden space 458752K, 44% used [0x00000000e0000000,0x00000000ec97ab10,0x00000000fc000000)
  from space 30720K, 76% used [0x00000000fe180000,0x00000000ff863bd0,0x00000000fff80000)
  to   space 32768K, 0% used [0x00000000fc000000,0x00000000fc000000,0x00000000fe000000)
 ParOldGen       total 171520K, used 57792K [0x00000000a0000000, 0x00000000aa780000, 0x00000000e0000000)
  object space 171520K, 33% used [0x00000000a0000000,0x00000000a3870158,0x00000000aa780000)
 Metaspace       used 94571K, capacity 100566K, committed 101168K, reserved 1136640K
  class space    used 11794K, capacity 12848K, committed 13104K, reserved 1048576K
GC Heap History (10 events):
Event: 4966.537 GC heap before
{Heap before GC invocations=46 (full 4):
 PSYoungGen      total 429056K, used 425406K [0x00000000e0000000, 0x00000000fc700000, 0x0000000100000000)
  eden space 411648K, 99% used [0x00000000e0000000,0x00000000f9150da8,0x00000000f9200000)
  from space 17408K, 83% used [0x00000000f9200000,0x00000000fa01ec30,0x00000000fa300000)
  to   space 18432K, 0% used [0x00000000fb500000,0x00000000fb500000,0x00000000fc700000)
 ParOldGen       total 171520K, used 42502K [0x00000000a0000000, 0x00000000aa780000, 0x00000000e0000000)
  object space 171520K, 24% used [0x00000000a0000000,0x00000000a2981810,0x00000000aa780000)
 Metaspace       used 93319K, capacity 99202K, committed 100144K, reserved 1136640K
  class space    used 11721K, capacity 12736K, committed 13104K, reserved 1048576K
Event: 4966.549 GC heap after
Heap after GC invocations=46 (full 4):
 PSYoungGen      total 448000K, used 9980K [0x00000000e0000000, 0x00000000fca80000, 0x0000000100000000)
  eden space 429568K, 0% used [0x00000000e0000000,0x00000000e0000000,0x00000000fa380000)
  from space 18432K, 54% used [0x00000000fb500000,0x00000000fbebf060,0x00000000fc700000)
  to   space 17920K, 0% used [0x00000000fa380000,0x00000000fa380000,0x00000000fb500000)
 ParOldGen       total 171520K, used 42502K [0x00000000a0000000, 0x00000000aa780000, 0x00000000e0000000)
  object space 171520K, 24% used [0x00000000a0000000,0x00000000a2981810,0x00000000aa780000)
 Metaspace       used 93319K, capacity 99202K, committed 100144K, reserved 1136640K
  class space    used 11721K, capacity 12736K, committed 13104K, reserved 1048576K
}
Event: 5283.514 GC heap before
{Heap before GC invocations=47 (full 4):
 PSYoungGen      total 448000K, used 439312K [0x00000000e0000000, 0x00000000fca80000, 0x0000000100000000)
  eden space 429568K, 99% used [0x00000000e0000000,0x00000000fa345008,0x00000000fa380000)
  from space 18432K, 54% used [0x00000000fb500000,0x00000000fbebf060,0x00000000fc700000)
  to   space 17920K, 0% used [0x00000000fa380000,0x00000000fa380000,0x00000000fb500000)
 ParOldGen       total 171520K, used 42502K [0x00000000a0000000, 0x00000000aa780000, 0x00000000e0000000)
  object space 171520K, 24% used [0x00000000a0000000,0x00000000a2981810,0x00000000aa780000)
 Metaspace       used 93830K, capacity 99790K, committed 100656K, reserved 1136640K
  class space    used 11745K, capacity 12770K, committed 13104K, reserved 1048576K
Event: 5283.552 GC heap after
Heap after GC invocations=47 (full 4):
 PSYoungGen      total 447488K, used 17910K [0x00000000e0000000, 0x00000000fe780000, 0x0000000100000000)
  eden space 429568K, 0% used [0x00000000e0000000,0x00000000e0000000,0x00000000fa380000)
  from space 17920K, 99% used [0x00000000fa380000,0x00000000fb4fdb08,0x00000000fb500000)
  to   space 25600K, 0% used [0x00000000fce80000,0x00000000fce80000,0x00000000fe780000)
 ParOldGen       total 171520K, used 57768K [0x00000000a0000000, 0x00000000aa780000, 0x00000000e0000000)
  object space 171520K, 33% used [0x00000000a0000000,0x00000000a386a158,0x00000000aa780000)
 Metaspace       used 93830K, capacity 99790K, committed 100656K, reserved 1136640K
  class space    used 11745K, capacity 12770K, committed 13104K, reserved 1048576K
}
Event: 5379.714 GC heap before
{Heap before GC invocations=48 (full 4):
 PSYoungGen      total 447488K, used 447478K [0x00000000e0000000, 0x00000000fe780000, 0x0000000100000000)
  eden space 429568K, 100% used [0x00000000e0000000,0x00000000fa380000,0x00000000fa380000)
  from space 17920K, 99% used [0x00000000fa380000,0x00000000fb4fdb08,0x00000000fb500000)
  to   space 25600K, 0% used [0x00000000fce80000,0x00000000fce80000,0x00000000fe780000)
 ParOldGen       total 171520K, used 57768K [0x00000000a0000000, 0x00000000aa780000, 0x00000000e0000000)
  object space 171520K, 33% used [0x00000000a0000000,0x00000000a386a158,0x00000000aa780000)
 Metaspace       used 94291K, capacity 100296K, committed 100912K, reserved 1136640K
  class space    used 11787K, capacity 12837K, committed 13104K, reserved 1048576K
Event: 5379.741 GC heap after
Heap after GC invocations=48 (full 4):
 PSYoungGen      total 470016K, used 25543K [0x00000000e0000000, 0x00000000feb00000, 0x0000000100000000)
  eden space 444416K, 0% used [0x00000000e0000000,0x00000000e0000000,0x00000000fb200000)
  from space 25600K, 99% used [0x00000000fce80000,0x00000000fe771da8,0x00000000fe780000)
  to   space 29184K, 0% used [0x00000000fb200000,0x00000000fb200000,0x00000000fce80000)
 ParOldGen       total 171520K, used 57776K [0x00000000a0000000, 0x00000000aa780000, 0x00000000e0000000)
  object space 171520K, 33% used [0x00000000a0000000,0x00000000a386c158,0x00000000aa780000)
 Metaspace       used 94291K, capacity 100296K, committed 100912K, reserved 1136640K
  class space    used 11787K, capacity 12837K, committed 13104K, reserved 1048576K
}
Event: 5381.449 GC heap before
{Heap before GC invocations=49 (full 4):
 PSYoungGen      total 470016K, used 469959K [0x00000000e0000000, 0x00000000feb00000, 0x0000000100000000)
  eden space 444416K, 100% used [0x00000000e0000000,0x00000000fb200000,0x00000000fb200000)
  from space 25600K, 99% used [0x00000000fce80000,0x00000000fe771da8,0x00000000fe780000)
  to   space 29184K, 0% used [0x00000000fb200000,0x00000000fb200000,0x00000000fce80000)
 ParOldGen       total 171520K, used 57776K [0x00000000a0000000, 0x00000000aa780000, 0x00000000e0000000)
  object space 171520K, 33% used [0x00000000a0000000,0x00000000a386c158,0x00000000aa780000)
 Metaspace       used 94365K, capacity 100370K, committed 100912K, reserved 1136640K
  class space    used 11787K, capacity 12838K, committed 13104K, reserved 1048576K
Event: 5381.460 GC heap after
Heap after GC invocations=49 (full 4):
 PSYoungGen      total 473600K, used 22082K [0x00000000e0000000, 0x00000000fff80000, 0x0000000100000000)
  eden space 444416K, 0% used [0x00000000e0000000,0x00000000e0000000,0x00000000fb200000)
  from space 29184K, 75% used [0x00000000fb200000,0x00000000fc790af0,0x00000000fce80000)
  to   space 30720K, 0% used [0x00000000fe180000,0x00000000fe180000,0x00000000fff80000)
 ParOldGen       total 171520K, used 57784K [0x00000000a0000000, 0x00000000aa780000, 0x00000000e0000000)
  object space 171520K, 33% used [0x00000000a0000000,0x00000000a386e158,0x00000000aa780000)
 Metaspace       used 94365K, capacity 100370K, committed 100912K, reserved 1136640K
  class space    used 11787K, capacity 12838K, committed 13104K, reserved 1048576K
}
Event: 5395.634 GC heap before
{Heap before GC invocations=50 (full 4):
 PSYoungGen      total 473600K, used 466498K [0x00000000e0000000, 0x00000000fff80000, 0x0000000100000000)
  eden space 444416K, 100% used [0x00000000e0000000,0x00000000fb200000,0x00000000fb200000)
  from space 29184K, 75% used [0x00000000fb200000,0x00000000fc790af0,0x00000000fce80000)
  to   space 30720K, 0% used [0x00000000fe180000,0x00000000fe180000,0x00000000fff80000)
 ParOldGen       total 171520K, used 57784K [0x00000000a0000000, 0x00000000aa780000, 0x00000000e0000000)
  object space 171520K, 33% used [0x00000000a0000000,0x00000000a386e158,0x00000000aa780000)
 Metaspace       used 94449K, capacity 100466K, committed 101168K, reserved 1136640K
  class space    used 11790K, capacity 12842K, committed 13104K, reserved 1048576K
Event: 5395.652 GC heap after
Heap after GC invocations=50 (full 4):
 PSYoungGen      total 489472K, used 23438K [0x00000000e0000000, 0x0000000100000000, 0x0000000100000000)
  eden space 458752K, 0% used [0x00000000e0000000,0x00000000e0000000,0x00000000fc000000)
  from space 30720K, 76% used [0x00000000fe180000,0x00000000ff863bd0,0x00000000fff80000)
  to   space 32768K, 0% used [0x00000000fc000000,0x00000000fc000000,0x00000000fe000000)
 ParOldGen       total 171520K, used 57792K [0x00000000a0000000, 0x00000000aa780000, 0x00000000e0000000)
  object space 171520K, 33% used [0x00000000a0000000,0x00000000a3870158,0x00000000aa780000)
 Metaspace       used 94449K, capacity 100466K, committed 101168K, reserved 1136640K
  class space    used 11790K, capacity 12842K, committed 13104K, reserved 1048576K
}

